<?xml version="1.0" encoding="UTF-8"?>
<!-- Generated by org.testng.reporters.JUnitReportReporter -->
<testsuite hostname="DESKTOP-2ILKCN7" failures="0" tests="2" name="com.nopcommerce.login.Level_06_Register_Login_Page_Generator" time="8.341" errors="0" timestamp="20 Oct 2021 07:37:08 GMT" skipped="0">
  <testcase classname="com.nopcommerce.login.Level_06_Register_Login_Page_Generator" name="Login_02_Login_To_System" time="2.959"/>
  <testcase classname="com.nopcommerce.login.Level_06_Register_Login_Page_Generator" name="Login_01_Register_To_System" time="5.382"/>
</testsuite> <!-- com.nopcommerce.login.Level_06_Register_Login_Page_Generator -->
