<?xml version="1.0" encoding="UTF-8"?>
<!-- Generated by org.testng.reporters.JUnitReportReporter -->
<testsuite hostname="DESKTOP-2ILKCN7" failures="0" tests="3" name="com.nopcommerce.login.Level_07_Register_Login_Page_Switch_Page" time="12.679" errors="0" timestamp="20 Oct 2021 08:28:35 GMT" skipped="0">
  <testcase classname="com.nopcommerce.login.Level_07_Register_Login_Page_Switch_Page" name="Login_03_Switch_Page_At_Footer" time="3.745"/>
  <testcase classname="com.nopcommerce.login.Level_07_Register_Login_Page_Switch_Page" name="Login_01_Register_To_System" time="6.395"/>
  <testcase classname="com.nopcommerce.login.Level_07_Register_Login_Page_Switch_Page" name="Login_02_Login_To_System" time="2.539"/>
</testsuite> <!-- com.nopcommerce.login.Level_07_Register_Login_Page_Switch_Page -->
