<?xml version="1.0" encoding="UTF-8"?>
<!-- Generated by org.testng.reporters.JUnitReportReporter -->
<testsuite hostname="LAPTOP-PC2TJBN7" failures="0" tests="2" name="com.bankguru.login.Login_01_Register_And_Login_Repeat" time="13.659" errors="0" timestamp="16 Oct 2021 14:02:56 GMT" skipped="0">
  <testcase classname="com.bankguru.login.Login_01_Register_And_Login_Repeat" name="Login_02_Login_To_System" time="2.645"/>
  <testcase classname="com.bankguru.login.Login_01_Register_And_Login_Repeat" name="Login_01_Register_To_System" time="11.014"/>
</testsuite> <!-- com.bankguru.login.Login_01_Register_And_Login_Repeat -->
