<?xml version="1.0" encoding="UTF-8"?>
<!-- Generated by org.testng.reporters.JUnitReportReporter -->
<testsuite hostname="DESKTOP-2ILKCN7" failures="0" tests="2" name="com.saucelab.sort.Level_18_Sort" time="1.066" errors="0" timestamp="02 Nov 2021 09:51:45 GMT" skipped="0">
  <testcase classname="com.saucelab.sort.Level_18_Sort" name="Sort_01_Name" time="0.509"/>
  <testcase classname="com.saucelab.sort.Level_18_Sort" name="Sort_02_Price" time="0.557"/>
</testsuite> <!-- com.saucelab.sort.Level_18_Sort -->
