<?xml version="1.0" encoding="UTF-8"?>
<!-- Generated by org.testng.reporters.JUnitReportReporter -->
<testsuite hostname="DESKTOP-2ILKCN7" failures="0" tests="1" name="com.jquerry.datatable.Level_09_Datatable" time="6.183" errors="0" timestamp="21 Oct 2021 10:46:48 GMT" skipped="0">
  <testcase classname="com.jquerry.datatable.Level_09_Datatable" name="Table_06_Click_To_Icon_At_Row" time="6.183"/>
</testsuite> <!-- com.jquerry.datatable.Level_09_Datatable -->
